

Started GET "/" for 74.115.233.166 at 2015-05-06 19:42:06 +0000
Processing by Rails::WelcomeController#index as HTML
  Rendered /usr/local/rvm/gems/ruby-2.1.5@rails4/gems/railties-4.1.6/lib/rails/templates/rails/welcome/index.html.erb (9.5ms)
Completed 200 OK in 215ms (Views: 193.9ms | ActiveRecord: 0.0ms)


Started GET "/" for 74.115.233.166 at 2015-05-06 19:42:12 +0000
Processing by Rails::WelcomeController#index as HTML
  Rendered /usr/local/rvm/gems/ruby-2.1.5@rails4/gems/railties-4.1.6/lib/rails/templates/rails/welcome/index.html.erb (0.1ms)
Completed 200 OK in 4ms (Views: 3.1ms | ActiveRecord: 0.0ms)


Started GET "/" for 74.115.233.166 at 2015-05-06 19:53:34 +0000
Processing by Rails::WelcomeController#index as HTML
  Rendered /usr/local/rvm/gems/ruby-2.1.5@rails4/gems/railties-4.1.6/lib/rails/templates/rails/welcome/index.html.erb (4.4ms)
Completed 200 OK in 91ms (Views: 73.5ms | ActiveRecord: 0.0ms)


Started GET "/" for 74.115.233.166 at 2015-05-06 19:53:37 +0000
Processing by Rails::WelcomeController#index as HTML
  Rendered /usr/local/rvm/gems/ruby-2.1.5@rails4/gems/railties-4.1.6/lib/rails/templates/rails/welcome/index.html.erb (0.1ms)
Completed 200 OK in 9ms (Views: 7.8ms | ActiveRecord: 0.0ms)


Started GET "/" for 74.115.233.166 at 2015-05-06 19:55:11 +0000

ArgumentError (Missing :controller key on routes definition, please check your routes.):
  config/routes.rb:3:in `block in <top (required)>'
  config/routes.rb:1:in `<top (required)>'


  Rendered /usr/local/rvm/gems/ruby-2.1.5@rails4/gems/actionpack-4.1.6/lib/action_dispatch/middleware/templates/rescues/_source.erb (1.8ms)
  Rendered /usr/local/rvm/gems/ruby-2.1.5@rails4/gems/actionpack-4.1.6/lib/action_dispatch/middleware/templates/rescues/_trace.html.erb (4.2ms)
  Rendered /usr/local/rvm/gems/ruby-2.1.5@rails4/gems/actionpack-4.1.6/lib/action_dispatch/middleware/templates/rescues/_request_and_response.html.erb (2.1ms)
  Rendered /usr/local/rvm/gems/ruby-2.1.5@rails4/gems/actionpack-4.1.6/lib/action_dispatch/middleware/templates/rescues/diagnostics.erb within rescues/layout (152.6ms)


Started GET "/" for 74.115.233.166 at 2015-05-06 19:55:32 +0000
Processing by StaticPagesController#homepage as HTML
  Rendered static_pages/homepage.html.erb within layouts/application (0.6ms)
Completed 200 OK in 1272ms (Views: 1269.6ms | ActiveRecord: 0.0ms)


Started GET "/assets/static_pages.css?body=1" for 74.115.233.166 at 2015-05-06 19:55:34 +0000


Started GET "/assets/application.css?body=1" for 74.115.233.166 at 2015-05-06 19:55:34 +0000


Started GET "/assets/jquery_ujs.js?body=1" for 74.115.233.166 at 2015-05-06 19:55:34 +0000


Started GET "/assets/turbolinks.js?body=1" for 74.115.233.166 at 2015-05-06 19:55:34 +0000


Started GET "/assets/static_pages.js?body=1" for 74.115.233.166 at 2015-05-06 19:55:34 +0000


Started GET "/assets/application.js?body=1" for 74.115.233.166 at 2015-05-06 19:55:34 +0000


Started GET "/assets/jquery.js?body=1" for 74.115.233.166 at 2015-05-06 19:55:34 +0000


Started GET "/" for 74.115.233.166 at 2015-05-06 19:57:51 +0000
Processing by StaticPagesController#homepage as HTML
  Rendered static_pages/homepage.html.erb within layouts/application (2.2ms)
Completed 200 OK in 84ms (Views: 78.0ms | ActiveRecord: 0.0ms)


Started GET "/assets/static_pages.css?body=1" for 74.115.233.166 at 2015-05-06 19:57:51 +0000


Started GET "/assets/turbolinks.js?body=1" for 74.115.233.166 at 2015-05-06 19:57:51 +0000


Started GET "/assets/application.css?body=1" for 74.115.233.166 at 2015-05-06 19:57:51 +0000


Started GET "/assets/static_pages.js?body=1" for 74.115.233.166 at 2015-05-06 19:57:51 +0000


Started GET "/assets/jquery.js?body=1" for 74.115.233.166 at 2015-05-06 19:57:51 +0000


Started GET "/assets/jquery_ujs.js?body=1" for 74.115.233.166 at 2015-05-06 19:57:51 +0000


Started GET "/assets/application.js?body=1" for 74.115.233.166 at 2015-05-06 19:57:51 +0000


Started GET "/" for 74.115.233.166 at 2015-05-06 19:58:06 +0000
Processing by StaticPagesController#homepage as HTML
  Rendered static_pages/homepage.html.erb within layouts/application (0.4ms)
Completed 200 OK in 57ms (Views: 56.1ms | ActiveRecord: 0.0ms)


Started GET "/assets/static_pages.css?body=1" for 74.115.233.166 at 2015-05-06 19:58:06 +0000


Started GET "/assets/turbolinks.js?body=1" for 74.115.233.166 at 2015-05-06 19:58:06 +0000


Started GET "/assets/application.css?body=1" for 74.115.233.166 at 2015-05-06 19:58:06 +0000


Started GET "/assets/jquery.js?body=1" for 74.115.233.166 at 2015-05-06 19:58:06 +0000


Started GET "/assets/static_pages.js?body=1" for 74.115.233.166 at 2015-05-06 19:58:06 +0000


Started GET "/assets/jquery_ujs.js?body=1" for 74.115.233.166 at 2015-05-06 19:58:06 +0000


Started GET "/assets/application.js?body=1" for 74.115.233.166 at 2015-05-06 19:58:06 +0000


Started GET "/" for 74.115.233.166 at 2015-05-06 20:01:17 +0000
Processing by StaticPagesController#homepage as HTML
  Rendered static_pages/homepage.html.erb within layouts/application (2.3ms)
Completed 200 OK in 162ms (Views: 159.8ms | ActiveRecord: 0.0ms)


Started GET "/assets/static_pages.css?body=1" for 74.115.233.166 at 2015-05-06 20:01:17 +0000


Started GET "/assets/jquery_ujs.js?body=1" for 74.115.233.166 at 2015-05-06 20:01:17 +0000


Started GET "/assets/application.css?body=1" for 74.115.233.166 at 2015-05-06 20:01:17 +0000


Started GET "/assets/static_pages.js?body=1" for 74.115.233.166 at 2015-05-06 20:01:17 +0000


Started GET "/assets/turbolinks.js?body=1" for 74.115.233.166 at 2015-05-06 20:01:17 +0000


Started GET "/assets/jquery.js?body=1" for 74.115.233.166 at 2015-05-06 20:01:17 +0000


Started GET "/assets/application.js?body=1" for 74.115.233.166 at 2015-05-06 20:01:17 +0000


Started GET "/" for 74.115.233.166 at 2015-05-06 20:01:59 +0000
Processing by StaticPagesController#homepage as HTML
  Rendered static_pages/homepage.html.erb within layouts/application (0.1ms)
Completed 200 OK in 76ms (Views: 73.3ms | ActiveRecord: 0.0ms)


Started GET "/assets/static_pages.css?body=1" for 74.115.233.166 at 2015-05-06 20:01:59 +0000


Started GET "/assets/static_pages.js?body=1" for 74.115.233.166 at 2015-05-06 20:01:59 +0000


Started GET "/assets/application.css?body=1" for 74.115.233.166 at 2015-05-06 20:01:59 +0000


Started GET "/assets/turbolinks.js?body=1" for 74.115.233.166 at 2015-05-06 20:01:59 +0000


Started GET "/assets/jquery.js?body=1" for 74.115.233.166 at 2015-05-06 20:01:59 +0000


Started GET "/assets/jquery_ujs.js?body=1" for 74.115.233.166 at 2015-05-06 20:01:59 +0000


Started GET "/assets/application.js?body=1" for 74.115.233.166 at 2015-05-06 20:01:59 +0000


Started GET "/" for 74.115.233.166 at 2015-05-06 20:02:18 +0000
Processing by StaticPagesController#homepage as HTML
  Rendered static_pages/homepage.html.erb within layouts/application (0.1ms)
Completed 200 OK in 71ms (Views: 70.4ms | ActiveRecord: 0.0ms)


Started GET "/assets/application.css?body=1" for 74.115.233.166 at 2015-05-06 20:02:18 +0000


Started GET "/assets/jquery.js?body=1" for 74.115.233.166 at 2015-05-06 20:02:18 +0000


Started GET "/assets/jquery_ujs.js?body=1" for 74.115.233.166 at 2015-05-06 20:02:18 +0000


Started GET "/assets/static_pages.css?body=1" for 74.115.233.166 at 2015-05-06 20:02:18 +0000


Started GET "/assets/turbolinks.js?body=1" for 74.115.233.166 at 2015-05-06 20:02:18 +0000


Started GET "/assets/application.js?body=1" for 74.115.233.166 at 2015-05-06 20:02:18 +0000


Started GET "/assets/static_pages.js?body=1" for 74.115.233.166 at 2015-05-06 20:02:19 +0000


Started GET "/" for 74.115.233.166 at 2015-05-06 20:04:08 +0000
Processing by StaticPagesController#homepage as HTML
  Rendered static_pages/homepage.html.erb within layouts/application (5.1ms)
Completed 200 OK in 123ms (Views: 119.9ms | ActiveRecord: 0.0ms)


Started GET "/assets/static_pages.css?body=1" for 74.115.233.166 at 2015-05-06 20:04:08 +0000


Started GET "/assets/jquery_ujs.js?body=1" for 74.115.233.166 at 2015-05-06 20:04:08 +0000


Started GET "/assets/jquery.js?body=1" for 74.115.233.166 at 2015-05-06 20:04:08 +0000


Started GET "/assets/application.css?body=1" for 74.115.233.166 at 2015-05-06 20:04:08 +0000


Started GET "/assets/static_pages.js?body=1" for 74.115.233.166 at 2015-05-06 20:04:08 +0000


Started GET "/assets/turbolinks.js?body=1" for 74.115.233.166 at 2015-05-06 20:04:08 +0000


Started GET "/assets/application.js?body=1" for 74.115.233.166 at 2015-05-06 20:04:08 +0000


Started GET "/" for 74.115.233.166 at 2015-05-06 20:06:27 +0000
Processing by StaticPagesController#homepage as HTML
  Rendered static_pages/homepage.html.erb within layouts/application (0.3ms)
Completed 500 Internal Server Error in 87ms

ActionView::Template::Error (undefined local variable or method `static_pages' for #<#<Class:0x00000004a71440>:0x007fe83012bce8>):
     8: </head>
     9: <body>
    10: 
    11: <%= link_to 'Homepage', static_pages/homepage %>
    12: 
    13: <%= yield %>
    14: 
  app/views/layouts/application.html.erb:11:in `_app_views_layouts_application_html_erb__2133901051056983613_70317607813040'


  Rendered /usr/local/rvm/gems/ruby-2.1.5@rails4/gems/actionpack-4.1.6/lib/action_dispatch/middleware/templates/rescues/_trace.html.erb (3.4ms)
  Rendered /usr/local/rvm/gems/ruby-2.1.5@rails4/gems/actionpack-4.1.6/lib/action_dispatch/middleware/templates/rescues/_request_and_response.html.erb (2.8ms)
  Rendered /usr/local/rvm/gems/ruby-2.1.5@rails4/gems/actionpack-4.1.6/lib/action_dispatch/middleware/templates/rescues/template_error.html.erb within rescues/layout (35.3ms)


Started GET "/" for 74.115.233.166 at 2015-05-06 20:07:03 +0000
Processing by StaticPagesController#homepage as HTML
  Rendered static_pages/homepage.html.erb within layouts/application (0.2ms)
Completed 500 Internal Server Error in 82ms

ActionView::Template::Error (undefined local variable or method `static_pages' for #<#<Class:0x0000000454a3e0>:0x00000004549a58>):
     8: </head>
     9: <body>
    10: 
    11: <%= link_to 'Homepage', static_pages/homepage %>
    12: 
    13: <%= yield %>
    14: 
  app/views/layouts/application.html.erb:11:in `_app_views_layouts_application_html_erb__2133901051056983613_70317607813040'


  Rendered /usr/local/rvm/gems/ruby-2.1.5@rails4/gems/actionpack-4.1.6/lib/action_dispatch/middleware/templates/rescues/_trace.html.erb (2.3ms)
  Rendered /usr/local/rvm/gems/ruby-2.1.5@rails4/gems/actionpack-4.1.6/lib/action_dispatch/middleware/templates/rescues/_request_and_response.html.erb (1.8ms)
  Rendered /usr/local/rvm/gems/ruby-2.1.5@rails4/gems/actionpack-4.1.6/lib/action_dispatch/middleware/templates/rescues/template_error.html.erb within rescues/layout (44.8ms)


Started GET "/" for 74.115.233.166 at 2015-05-06 20:22:28 +0000
Processing by StaticPagesController#homepage as HTML
  Rendered static_pages/homepage.html.erb within layouts/application (0.2ms)
Completed 500 Internal Server Error in 149ms

ActionView::Template::Error (undefined local variable or method `static_pages' for #<#<Class:0x007fe83062de80>:0x007fe83062d480>):
     8: </head>
     9: <body>
    10: 
    11: <%= link_to 'Homepage', static_pages/homepage %>
    12: 
    13: <%= yield %>
    14: 
  app/views/layouts/application.html.erb:11:in `_app_views_layouts_application_html_erb__2133901051056983613_70317607813040'


  Rendered /usr/local/rvm/gems/ruby-2.1.5@rails4/gems/actionpack-4.1.6/lib/action_dispatch/middleware/templates/rescues/_trace.html.erb (2.6ms)
  Rendered /usr/local/rvm/gems/ruby-2.1.5@rails4/gems/actionpack-4.1.6/lib/action_dispatch/middleware/templates/rescues/_request_and_response.html.erb (3.0ms)
  Rendered /usr/local/rvm/gems/ruby-2.1.5@rails4/gems/actionpack-4.1.6/lib/action_dispatch/middleware/templates/rescues/template_error.html.erb within rescues/layout (59.1ms)


Started GET "/" for 74.115.233.166 at 2015-05-06 20:25:48 +0000
Processing by StaticPagesController#homepage as HTML
  Rendered static_pages/homepage.html.erb within layouts/application (0.3ms)
Completed 200 OK in 72ms (Views: 67.5ms | ActiveRecord: 0.0ms)


Started GET "/assets/static_pages.css?body=1" for 74.115.233.166 at 2015-05-06 20:25:48 +0000


Started GET "/assets/application.css?body=1" for 74.115.233.166 at 2015-05-06 20:25:48 +0000


Started GET "/assets/turbolinks.js?body=1" for 74.115.233.166 at 2015-05-06 20:25:48 +0000


Started GET "/assets/jquery_ujs.js?body=1" for 74.115.233.166 at 2015-05-06 20:25:48 +0000


Started GET "/assets/static_pages.js?body=1" for 74.115.233.166 at 2015-05-06 20:25:48 +0000


Started GET "/assets/application.js?body=1" for 74.115.233.166 at 2015-05-06 20:25:49 +0000


Started GET "/assets/jquery.js?body=1" for 74.115.233.166 at 2015-05-06 20:25:49 +0000


Started GET "/about" for 74.115.233.166 at 2015-05-06 20:25:50 +0000

ActionController::RoutingError (uninitialized constant StaticPages):
  activesupport (4.1.6) lib/active_support/inflector/methods.rb:238:in `const_get'
  activesupport (4.1.6) lib/active_support/inflector/methods.rb:238:in `block in constantize'
  activesupport (4.1.6) lib/active_support/inflector/methods.rb:236:in `each'
  activesupport (4.1.6) lib/active_support/inflector/methods.rb:236:in `inject'
  activesupport (4.1.6) lib/active_support/inflector/methods.rb:236:in `constantize'
  actionpack (4.1.6) lib/action_dispatch/routing/route_set.rb:78:in `controller_reference'
  actionpack (4.1.6) lib/action_dispatch/routing/route_set.rb:68:in `controller'
  actionpack (4.1.6) lib/action_dispatch/routing/route_set.rb:46:in `call'
  actionpack (4.1.6) lib/action_dispatch/journey/router.rb:73:in `block in call'
  actionpack (4.1.6) lib/action_dispatch/journey/router.rb:59:in `each'
  actionpack (4.1.6) lib/action_dispatch/journey/router.rb:59:in `call'
  actionpack (4.1.6) lib/action_dispatch/routing/route_set.rb:678:in `call'
  rack (1.5.3) lib/rack/etag.rb:23:in `call'
  rack (1.5.3) lib/rack/conditionalget.rb:25:in `call'
  rack (1.5.3) lib/rack/head.rb:11:in `call'
  actionpack (4.1.6) lib/action_dispatch/middleware/params_parser.rb:27:in `call'
  actionpack (4.1.6) lib/action_dispatch/middleware/flash.rb:254:in `call'
  rack (1.5.3) lib/rack/session/abstract/id.rb:225:in `context'
  rack (1.5.3) lib/rack/session/abstract/id.rb:220:in `call'
  actionpack (4.1.6) lib/action_dispatch/middleware/cookies.rb:560:in `call'
  activerecord (4.1.6) lib/active_record/query_cache.rb:36:in `call'
  activerecord (4.1.6) lib/active_record/connection_adapters/abstract/connection_pool.rb:621:in `call'
  activerecord (4.1.6) lib/active_record/migration.rb:380:in `call'
  actionpack (4.1.6) lib/action_dispatch/middleware/callbacks.rb:29:in `block in call'
  activesupport (4.1.6) lib/active_support/callbacks.rb:82:in `run_callbacks'
  actionpack (4.1.6) lib/action_dispatch/middleware/callbacks.rb:27:in `call'
  actionpack (4.1.6) lib/action_dispatch/middleware/reloader.rb:73:in `call'
  actionpack (4.1.6) lib/action_dispatch/middleware/remote_ip.rb:76:in `call'
  actionpack (4.1.6) lib/action_dispatch/middleware/debug_exceptions.rb:17:in `call'
  actionpack (4.1.6) lib/action_dispatch/middleware/show_exceptions.rb:30:in `call'
  railties (4.1.6) lib/rails/rack/logger.rb:38:in `call_app'
  railties (4.1.6) lib/rails/rack/logger.rb:20:in `block in call'
  activesupport (4.1.6) lib/active_support/tagged_logging.rb:68:in `block in tagged'
  activesupport (4.1.6) lib/active_support/tagged_logging.rb:26:in `tagged'
  activesupport (4.1.6) lib/active_support/tagged_logging.rb:68:in `tagged'
  railties (4.1.6) lib/rails/rack/logger.rb:20:in `call'
  actionpack (4.1.6) lib/action_dispatch/middleware/request_id.rb:21:in `call'
  rack (1.5.3) lib/rack/methodoverride.rb:21:in `call'
  rack (1.5.3) lib/rack/runtime.rb:17:in `call'
  activesupport (4.1.6) lib/active_support/cache/strategy/local_cache_middleware.rb:26:in `call'
  rack (1.5.3) lib/rack/lock.rb:17:in `call'
  actionpack (4.1.6) lib/action_dispatch/middleware/static.rb:64:in `call'
  rack (1.5.3) lib/rack/sendfile.rb:112:in `call'
  railties (4.1.6) lib/rails/engine.rb:514:in `call'
  railties (4.1.6) lib/rails/application.rb:144:in `call'
  rack (1.5.3) lib/rack/lock.rb:17:in `call'
  rack (1.5.3) lib/rack/content_length.rb:14:in `call'
  rack (1.5.3) lib/rack/handler/webrick.rb:60:in `service'
  /usr/local/rvm/rubies/ruby-2.1.5/lib/ruby/2.1.0/webrick/httpserver.rb:138:in `service'
  /usr/local/rvm/rubies/ruby-2.1.5/lib/ruby/2.1.0/webrick/httpserver.rb:94:in `run'
  /usr/local/rvm/rubies/ruby-2.1.5/lib/ruby/2.1.0/webrick/server.rb:295:in `block in start_thread'


  Rendered /usr/local/rvm/gems/ruby-2.1.5@rails4/gems/actionpack-4.1.6/lib/action_dispatch/middleware/templates/rescues/_trace.html.erb (2.4ms)
  Rendered /usr/local/rvm/gems/ruby-2.1.5@rails4/gems/actionpack-4.1.6/lib/action_dispatch/middleware/templates/routes/_route.html.erb (4.1ms)
  Rendered /usr/local/rvm/gems/ruby-2.1.5@rails4/gems/actionpack-4.1.6/lib/action_dispatch/middleware/templates/routes/_table.html.erb (23.1ms)
  Rendered /usr/local/rvm/gems/ruby-2.1.5@rails4/gems/actionpack-4.1.6/lib/action_dispatch/middleware/templates/rescues/routing_error.html.erb within rescues/layout (131.6ms)


Started GET "/about" for 74.115.233.166 at 2015-05-06 20:25:50 +0000

ActionController::RoutingError (uninitialized constant StaticPages):
  activesupport (4.1.6) lib/active_support/inflector/methods.rb:238:in `const_get'
  activesupport (4.1.6) lib/active_support/inflector/methods.rb:238:in `block in constantize'
  activesupport (4.1.6) lib/active_support/inflector/methods.rb:236:in `each'
  activesupport (4.1.6) lib/active_support/inflector/methods.rb:236:in `inject'
  activesupport (4.1.6) lib/active_support/inflector/methods.rb:236:in `constantize'
  actionpack (4.1.6) lib/action_dispatch/routing/route_set.rb:78:in `controller_reference'
  actionpack (4.1.6) lib/action_dispatch/routing/route_set.rb:68:in `controller'
  actionpack (4.1.6) lib/action_dispatch/routing/route_set.rb:46:in `call'
  actionpack (4.1.6) lib/action_dispatch/journey/router.rb:73:in `block in call'
  actionpack (4.1.6) lib/action_dispatch/journey/router.rb:59:in `each'
  actionpack (4.1.6) lib/action_dispatch/journey/router.rb:59:in `call'
  actionpack (4.1.6) lib/action_dispatch/routing/route_set.rb:678:in `call'
  rack (1.5.3) lib/rack/etag.rb:23:in `call'
  rack (1.5.3) lib/rack/conditionalget.rb:25:in `call'
  rack (1.5.3) lib/rack/head.rb:11:in `call'
  actionpack (4.1.6) lib/action_dispatch/middleware/params_parser.rb:27:in `call'
  actionpack (4.1.6) lib/action_dispatch/middleware/flash.rb:254:in `call'
  rack (1.5.3) lib/rack/session/abstract/id.rb:225:in `context'
  rack (1.5.3) lib/rack/session/abstract/id.rb:220:in `call'
  actionpack (4.1.6) lib/action_dispatch/middleware/cookies.rb:560:in `call'
  activerecord (4.1.6) lib/active_record/query_cache.rb:36:in `call'
  activerecord (4.1.6) lib/active_record/connection_adapters/abstract/connection_pool.rb:621:in `call'
  activerecord (4.1.6) lib/active_record/migration.rb:380:in `call'
  actionpack (4.1.6) lib/action_dispatch/middleware/callbacks.rb:29:in `block in call'
  activesupport (4.1.6) lib/active_support/callbacks.rb:82:in `run_callbacks'
  actionpack (4.1.6) lib/action_dispatch/middleware/callbacks.rb:27:in `call'
  actionpack (4.1.6) lib/action_dispatch/middleware/reloader.rb:73:in `call'
  actionpack (4.1.6) lib/action_dispatch/middleware/remote_ip.rb:76:in `call'
  actionpack (4.1.6) lib/action_dispatch/middleware/debug_exceptions.rb:17:in `call'
  actionpack (4.1.6) lib/action_dispatch/middleware/show_exceptions.rb:30:in `call'
  railties (4.1.6) lib/rails/rack/logger.rb:38:in `call_app'
  railties (4.1.6) lib/rails/rack/logger.rb:20:in `block in call'
  activesupport (4.1.6) lib/active_support/tagged_logging.rb:68:in `block in tagged'
  activesupport (4.1.6) lib/active_support/tagged_logging.rb:26:in `tagged'
  activesupport (4.1.6) lib/active_support/tagged_logging.rb:68:in `tagged'
  railties (4.1.6) lib/rails/rack/logger.rb:20:in `call'
  actionpack (4.1.6) lib/action_dispatch/middleware/request_id.rb:21:in `call'
  rack (1.5.3) lib/rack/methodoverride.rb:21:in `call'
  rack (1.5.3) lib/rack/runtime.rb:17:in `call'
  activesupport (4.1.6) lib/active_support/cache/strategy/local_cache_middleware.rb:26:in `call'
  rack (1.5.3) lib/rack/lock.rb:17:in `call'
  actionpack (4.1.6) lib/action_dispatch/middleware/static.rb:64:in `call'
  rack (1.5.3) lib/rack/sendfile.rb:112:in `call'
  railties (4.1.6) lib/rails/engine.rb:514:in `call'
  railties (4.1.6) lib/rails/application.rb:144:in `call'
  rack (1.5.3) lib/rack/lock.rb:17:in `call'
  rack (1.5.3) lib/rack/content_length.rb:14:in `call'
  rack (1.5.3) lib/rack/handler/webrick.rb:60:in `service'
  /usr/local/rvm/rubies/ruby-2.1.5/lib/ruby/2.1.0/webrick/httpserver.rb:138:in `service'
  /usr/local/rvm/rubies/ruby-2.1.5/lib/ruby/2.1.0/webrick/httpserver.rb:94:in `run'
  /usr/local/rvm/rubies/ruby-2.1.5/lib/ruby/2.1.0/webrick/server.rb:295:in `block in start_thread'


  Rendered /usr/local/rvm/gems/ruby-2.1.5@rails4/gems/actionpack-4.1.6/lib/action_dispatch/middleware/templates/rescues/_trace.html.erb (2.3ms)
  Rendered /usr/local/rvm/gems/ruby-2.1.5@rails4/gems/actionpack-4.1.6/lib/action_dispatch/middleware/templates/routes/_route.html.erb (1.6ms)
  Rendered /usr/local/rvm/gems/ruby-2.1.5@rails4/gems/actionpack-4.1.6/lib/action_dispatch/middleware/templates/routes/_table.html.erb (2.2ms)
  Rendered /usr/local/rvm/gems/ruby-2.1.5@rails4/gems/actionpack-4.1.6/lib/action_dispatch/middleware/templates/rescues/routing_error.html.erb within rescues/layout (64.5ms)


Started GET "/about" for 74.115.233.166 at 2015-05-06 20:26:11 +0000
Processing by StaticPagesController#about as HTML
  Rendered static_pages/about.html.erb within layouts/application (1.6ms)
Completed 200 OK in 156ms (Views: 153.9ms | ActiveRecord: 0.0ms)


Started GET "/assets/static_pages.css?body=1" for 74.115.233.166 at 2015-05-06 20:26:12 +0000


Started GET "/assets/turbolinks.js?body=1" for 74.115.233.166 at 2015-05-06 20:26:12 +0000


Started GET "/assets/jquery.js?body=1" for 74.115.233.166 at 2015-05-06 20:26:12 +0000


Started GET "/assets/jquery_ujs.js?body=1" for 74.115.233.166 at 2015-05-06 20:26:12 +0000


Started GET "/assets/application.css?body=1" for 74.115.233.166 at 2015-05-06 20:26:12 +0000


Started GET "/assets/static_pages.js?body=1" for 74.115.233.166 at 2015-05-06 20:26:12 +0000


Started GET "/assets/application.js?body=1" for 74.115.233.166 at 2015-05-06 20:26:12 +0000


Started GET "/about" for 74.115.233.166 at 2015-05-06 20:26:58 +0000

ArgumentError (Missing :controller key on routes definition, please check your routes.):
  config/routes.rb:3:in `block in <top (required)>'
  config/routes.rb:1:in `<top (required)>'


  Rendered /usr/local/rvm/gems/ruby-2.1.5@rails4/gems/actionpack-4.1.6/lib/action_dispatch/middleware/templates/rescues/_source.erb (1.1ms)
  Rendered /usr/local/rvm/gems/ruby-2.1.5@rails4/gems/actionpack-4.1.6/lib/action_dispatch/middleware/templates/rescues/_trace.html.erb (2.1ms)
  Rendered /usr/local/rvm/gems/ruby-2.1.5@rails4/gems/actionpack-4.1.6/lib/action_dispatch/middleware/templates/rescues/_request_and_response.html.erb (2.1ms)
  Rendered /usr/local/rvm/gems/ruby-2.1.5@rails4/gems/actionpack-4.1.6/lib/action_dispatch/middleware/templates/rescues/diagnostics.erb within rescues/layout (58.4ms)


Started GET "/about" for 74.115.233.166 at 2015-05-06 20:26:58 +0000

ActionController::RoutingError (No route matches [GET] "/about"):
  actionpack (4.1.6) lib/action_dispatch/middleware/debug_exceptions.rb:21:in `call'
  actionpack (4.1.6) lib/action_dispatch/middleware/show_exceptions.rb:30:in `call'
  railties (4.1.6) lib/rails/rack/logger.rb:38:in `call_app'
  railties (4.1.6) lib/rails/rack/logger.rb:20:in `block in call'
  activesupport (4.1.6) lib/active_support/tagged_logging.rb:68:in `block in tagged'
  activesupport (4.1.6) lib/active_support/tagged_logging.rb:26:in `tagged'
  activesupport (4.1.6) lib/active_support/tagged_logging.rb:68:in `tagged'
  railties (4.1.6) lib/rails/rack/logger.rb:20:in `call'
  actionpack (4.1.6) lib/action_dispatch/middleware/request_id.rb:21:in `call'
  rack (1.5.3) lib/rack/methodoverride.rb:21:in `call'
  rack (1.5.3) lib/rack/runtime.rb:17:in `call'
  activesupport (4.1.6) lib/active_support/cache/strategy/local_cache_middleware.rb:26:in `call'
  rack (1.5.3) lib/rack/lock.rb:17:in `call'
  actionpack (4.1.6) lib/action_dispatch/middleware/static.rb:64:in `call'
  rack (1.5.3) lib/rack/sendfile.rb:112:in `call'
  railties (4.1.6) lib/rails/engine.rb:514:in `call'
  railties (4.1.6) lib/rails/application.rb:144:in `call'
  rack (1.5.3) lib/rack/lock.rb:17:in `call'
  rack (1.5.3) lib/rack/content_length.rb:14:in `call'
  rack (1.5.3) lib/rack/handler/webrick.rb:60:in `service'
  /usr/local/rvm/rubies/ruby-2.1.5/lib/ruby/2.1.0/webrick/httpserver.rb:138:in `service'
  /usr/local/rvm/rubies/ruby-2.1.5/lib/ruby/2.1.0/webrick/httpserver.rb:94:in `run'
  /usr/local/rvm/rubies/ruby-2.1.5/lib/ruby/2.1.0/webrick/server.rb:295:in `block in start_thread'


  Rendered /usr/local/rvm/gems/ruby-2.1.5@rails4/gems/actionpack-4.1.6/lib/action_dispatch/middleware/templates/rescues/_trace.html.erb (1.5ms)
  Rendered /usr/local/rvm/gems/ruby-2.1.5@rails4/gems/actionpack-4.1.6/lib/action_dispatch/middleware/templates/routes/_table.html.erb (1.8ms)
  Rendered /usr/local/rvm/gems/ruby-2.1.5@rails4/gems/actionpack-4.1.6/lib/action_dispatch/middleware/templates/rescues/routing_error.html.erb within rescues/layout (35.9ms)


Started GET "/" for 74.115.233.166 at 2015-05-06 20:27:05 +0000

ActionController::RoutingError (No route matches [GET] "/"):
  actionpack (4.1.6) lib/action_dispatch/middleware/debug_exceptions.rb:21:in `call'
  actionpack (4.1.6) lib/action_dispatch/middleware/show_exceptions.rb:30:in `call'
  railties (4.1.6) lib/rails/rack/logger.rb:38:in `call_app'
  railties (4.1.6) lib/rails/rack/logger.rb:20:in `block in call'
  activesupport (4.1.6) lib/active_support/tagged_logging.rb:68:in `block in tagged'
  activesupport (4.1.6) lib/active_support/tagged_logging.rb:26:in `tagged'
  activesupport (4.1.6) lib/active_support/tagged_logging.rb:68:in `tagged'
  railties (4.1.6) lib/rails/rack/logger.rb:20:in `call'
  actionpack (4.1.6) lib/action_dispatch/middleware/request_id.rb:21:in `call'
  rack (1.5.3) lib/rack/methodoverride.rb:21:in `call'
  rack (1.5.3) lib/rack/runtime.rb:17:in `call'
  activesupport (4.1.6) lib/active_support/cache/strategy/local_cache_middleware.rb:26:in `call'
  rack (1.5.3) lib/rack/lock.rb:17:in `call'
  actionpack (4.1.6) lib/action_dispatch/middleware/static.rb:64:in `call'
  rack (1.5.3) lib/rack/sendfile.rb:112:in `call'
  railties (4.1.6) lib/rails/engine.rb:514:in `call'
  railties (4.1.6) lib/rails/application.rb:144:in `call'
  rack (1.5.3) lib/rack/lock.rb:17:in `call'
  rack (1.5.3) lib/rack/content_length.rb:14:in `call'
  rack (1.5.3) lib/rack/handler/webrick.rb:60:in `service'
  /usr/local/rvm/rubies/ruby-2.1.5/lib/ruby/2.1.0/webrick/httpserver.rb:138:in `service'
  /usr/local/rvm/rubies/ruby-2.1.5/lib/ruby/2.1.0/webrick/httpserver.rb:94:in `run'
  /usr/local/rvm/rubies/ruby-2.1.5/lib/ruby/2.1.0/webrick/server.rb:295:in `block in start_thread'


  Rendered /usr/local/rvm/gems/ruby-2.1.5@rails4/gems/actionpack-4.1.6/lib/action_dispatch/middleware/templates/rescues/_trace.html.erb (3.0ms)
  Rendered /usr/local/rvm/gems/ruby-2.1.5@rails4/gems/actionpack-4.1.6/lib/action_dispatch/middleware/templates/routes/_table.html.erb (1.5ms)
  Rendered /usr/local/rvm/gems/ruby-2.1.5@rails4/gems/actionpack-4.1.6/lib/action_dispatch/middleware/templates/rescues/routing_error.html.erb within rescues/layout (32.7ms)


Started GET "/" for 74.115.233.166 at 2015-05-06 20:28:01 +0000
Processing by StaticPagesController#homepage as HTML
  Rendered static_pages/homepage.html.erb within layouts/application (0.3ms)
Completed 200 OK in 141ms (Views: 129.7ms | ActiveRecord: 0.0ms)


Started GET "/assets/static_pages.css?body=1" for 74.115.233.166 at 2015-05-06 20:28:01 +0000


Started GET "/assets/jquery.js?body=1" for 74.115.233.166 at 2015-05-06 20:28:01 +0000


Started GET "/assets/static_pages.js?body=1" for 74.115.233.166 at 2015-05-06 20:28:01 +0000


Started GET "/assets/jquery_ujs.js?body=1" for 74.115.233.166 at 2015-05-06 20:28:01 +0000


Started GET "/assets/turbolinks.js?body=1" for 74.115.233.166 at 2015-05-06 20:28:01 +0000


Started GET "/assets/application.css?body=1" for 74.115.233.166 at 2015-05-06 20:28:01 +0000


Started GET "/assets/application.js?body=1" for 74.115.233.166 at 2015-05-06 20:28:01 +0000


Started GET "/" for 76.26.29.62 at 2015-05-07 12:16:07 +0000
Processing by StaticPagesController#homepage as HTML
  Rendered static_pages/homepage.html.erb within layouts/application (45.7ms)
Completed 200 OK in 486ms (Views: 427.2ms | ActiveRecord: 0.0ms)


Started GET "/assets/static_pages.css?body=1" for 76.26.29.62 at 2015-05-07 12:16:09 +0000


Started GET "/assets/application.js?body=1" for 76.26.29.62 at 2015-05-07 12:16:09 +0000


Started GET "/assets/jquery.js?body=1" for 76.26.29.62 at 2015-05-07 12:16:09 +0000


Started GET "/assets/application.css?body=1" for 76.26.29.62 at 2015-05-07 12:16:10 +0000


Started GET "/assets/jquery_ujs.js?body=1" for 76.26.29.62 at 2015-05-07 12:16:10 +0000


Started GET "/assets/turbolinks.js?body=1" for 76.26.29.62 at 2015-05-07 12:16:10 +0000


Started GET "/assets/static_pages.js?body=1" for 76.26.29.62 at 2015-05-07 12:16:10 +0000


Started GET "/settings" for 76.26.29.62 at 2015-05-07 12:16:12 +0000
Processing by StaticPagesController#settings as HTML
  Rendered static_pages/settings.html.erb within layouts/application (3.7ms)
Completed 200 OK in 77ms (Views: 68.4ms | ActiveRecord: 0.0ms)


Started GET "/about" for 76.26.29.62 at 2015-05-07 12:16:13 +0000
Processing by StaticPagesController#about as HTML
  Rendered static_pages/about.html.erb within layouts/application (4.3ms)
Completed 200 OK in 743ms (Views: 742.1ms | ActiveRecord: 0.0ms)


Started GET "/" for 76.26.29.62 at 2015-05-07 12:16:14 +0000
Processing by StaticPagesController#homepage as HTML
  Rendered static_pages/homepage.html.erb within layouts/application (2.6ms)
Completed 200 OK in 54ms (Views: 53.3ms | ActiveRecord: 0.0ms)


Started GET "/about" for 76.26.29.62 at 2015-05-07 12:16:15 +0000
Processing by StaticPagesController#about as HTML
  Rendered static_pages/about.html.erb within layouts/application (0.1ms)
Completed 200 OK in 50ms (Views: 49.3ms | ActiveRecord: 0.0ms)
